Copyright 1986-2018 Xilinx, Inc. All Rights Reserved.
---------------------------------------------------------------------------------------------
| Tool Version : Vivado v.2018.2 (lin64) Build 2258646 Thu Jun 14 20:02:38 MDT 2018
| Date         : Mon Apr  1 23:41:56 2019
| Host         : anzThink running 64-bit Ubuntu 16.04.5 LTS
| Command      : report_control_sets -verbose -file Diagramm_wrapper_control_sets_placed.rpt
| Design       : Diagramm_wrapper
| Device       : xc7z010
---------------------------------------------------------------------------------------------

Control Set Information

Table of Contents
-----------------
1. Summary
2. Histogram
3. Flip-Flop Distribution
4. Detailed Control Set Information

1. Summary
----------

+----------------------------------------------------------+-------+
|                          Status                          | Count |
+----------------------------------------------------------+-------+
| Number of unique control sets                            |    37 |
| Unused register locations in slices containing registers |    32 |
+----------------------------------------------------------+-------+


2. Histogram
------------

+--------+--------------+
| Fanout | Control Sets |
+--------+--------------+
|      4 |            1 |
|      8 |            5 |
|     12 |            1 |
|    16+ |           30 |
+--------+--------------+


3. Flip-Flop Distribution
-------------------------

+--------------+-----------------------+------------------------+-----------------+--------------+
| Clock Enable | Synchronous Set/Reset | Asynchronous Set/Reset | Total Registers | Total Slices |
+--------------+-----------------------+------------------------+-----------------+--------------+
| No           | No                    | No                     |             218 |           39 |
| No           | No                    | Yes                    |               0 |            0 |
| No           | Yes                   | No                     |             166 |           27 |
| Yes          | No                    | No                     |             588 |           78 |
| Yes          | No                    | Yes                    |               0 |            0 |
| Yes          | Yes                   | No                     |             236 |           31 |
+--------------+-----------------------+------------------------+-----------------+--------------+


4. Detailed Control Set Information
-----------------------------------

+-------------------------------------------------+----------------------------------------------------------------------------------------------------------------------------------------------------------------+--------------------------------------------------------------------------------------------------------------------------------------------+------------------+----------------+
|                   Clock Signal                  |                                                                          Enable Signal                                                                         |                                                              Set/Reset Signal                                                              | Slice Load Count | Bel Load Count |
+-------------------------------------------------+----------------------------------------------------------------------------------------------------------------------------------------------------------------+--------------------------------------------------------------------------------------------------------------------------------------------+------------------+----------------+
|  Diagramm_i/processing_system7_0/inst/FCLK_CLK0 | Diagramm_i/ps7_0_axi_periph/s00_couplers/auto_pc/inst/gen_axilite.gen_b2s_conv.axilite_b2s/WR.b_channel_0/bid_fifo_0/bresp_push                                |                                                                                                                                            |                1 |              4 |
|  Diagramm_i/processing_system7_0/inst/FCLK_CLK0 |                                                                                                                                                                | Diagramm_i/ps7_0_axi_periph/s00_couplers/auto_pc/inst/gen_axilite.gen_b2s_conv.axilite_b2s/SI_REG/aw.aw_pipe/s_ready_i_reg_0               |                3 |              8 |
|  Diagramm_i/processing_system7_0/inst/FCLK_CLK0 |                                                                                                                                                                | Diagramm_i/ps7_0_axi_periph/s00_couplers/auto_pc/inst/gen_axilite.gen_b2s_conv.axilite_b2s/SI_REG/ar.ar_pipe/m_valid_i_reg_0               |                3 |              8 |
|  Diagramm_i/processing_system7_0/inst/FCLK_CLK0 |                                                                                                                                                                | Diagramm_i/rst_ps7_0_50M/U0/EXT_LPF/lpf_int                                                                                                |                1 |              8 |
|  Diagramm_i/processing_system7_0/inst/FCLK_CLK0 | Diagramm_i/ps7_0_axi_periph/s00_couplers/auto_pc/inst/gen_axilite.gen_b2s_conv.axilite_b2s/RD.ar_channel_0/ar_cmd_fsm_0/E[0]                                   | Diagramm_i/ps7_0_axi_periph/s00_couplers/auto_pc/inst/gen_axilite.gen_b2s_conv.axilite_b2s/RD.ar_channel_0/ar_cmd_fsm_0/axlen_cnt_reg[7]   |                1 |              8 |
|  Diagramm_i/processing_system7_0/inst/FCLK_CLK0 | Diagramm_i/ps7_0_axi_periph/s00_couplers/auto_pc/inst/gen_axilite.gen_b2s_conv.axilite_b2s/WR.aw_channel_0/aw_cmd_fsm_0/axaddr_wrap_reg[11][0]                 | Diagramm_i/ps7_0_axi_periph/s00_couplers/auto_pc/inst/gen_axilite.gen_b2s_conv.axilite_b2s/WR.aw_channel_0/aw_cmd_fsm_0/axlen_cnt_reg[7]_1 |                2 |              8 |
|  Diagramm_i/processing_system7_0/inst/FCLK_CLK0 | Diagramm_i/rst_ps7_0_50M/U0/SEQ/seq_cnt_en                                                                                                                     | Diagramm_i/rst_ps7_0_50M/U0/SEQ/SEQ_COUNTER/clear                                                                                          |                1 |             12 |
|  Diagramm_i/processing_system7_0/inst/FCLK_CLK0 | Diagramm_i/ps7_0_axi_periph/s00_couplers/auto_pc/inst/gen_axilite.gen_b2s_conv.axilite_b2s/RD.ar_channel_0/ar_cmd_fsm_0/axaddr_incr_reg[0][0]                  |                                                                                                                                            |                2 |             16 |
|  Diagramm_i/processing_system7_0/inst/FCLK_CLK0 | Diagramm_i/my_ip_v3_0/U0/my_ip_v3_v1_0_S00_AXI_inst/p_1_in[23]                                                                                                 | Diagramm_i/my_ip_v3_0/U0/my_ip_v3_v1_0_S00_AXI_inst/axi_awready_i_1_n_0                                                                    |                2 |             16 |
|  Diagramm_i/processing_system7_0/inst/FCLK_CLK0 | Diagramm_i/my_ip_v3_0/U0/my_ip_v3_v1_0_S00_AXI_inst/p_1_in[7]                                                                                                  | Diagramm_i/my_ip_v3_0/U0/my_ip_v3_v1_0_S00_AXI_inst/axi_awready_i_1_n_0                                                                    |                1 |             16 |
|  Diagramm_i/processing_system7_0/inst/FCLK_CLK0 | Diagramm_i/my_ip_v3_0/U0/my_ip_v3_v1_0_S00_AXI_inst/slv_reg1[15]_i_1_n_0                                                                                       | Diagramm_i/my_ip_v3_0/U0/my_ip_v3_v1_0_S00_AXI_inst/axi_awready_i_1_n_0                                                                    |                2 |             16 |
|  Diagramm_i/processing_system7_0/inst/FCLK_CLK0 | Diagramm_i/my_ip_v3_0/U0/my_ip_v3_v1_0_S00_AXI_inst/slv_reg1[31]_i_1_n_0                                                                                       | Diagramm_i/my_ip_v3_0/U0/my_ip_v3_v1_0_S00_AXI_inst/axi_awready_i_1_n_0                                                                    |                1 |             16 |
|  Diagramm_i/processing_system7_0/inst/FCLK_CLK0 | Diagramm_i/my_ip_v3_0/U0/my_ip_v3_v1_0_S00_AXI_inst/slv_reg1[7]_i_1_n_0                                                                                        | Diagramm_i/my_ip_v3_0/U0/my_ip_v3_v1_0_S00_AXI_inst/axi_awready_i_1_n_0                                                                    |                2 |             16 |
|  Diagramm_i/processing_system7_0/inst/FCLK_CLK0 | Diagramm_i/my_ip_v3_0/U0/my_ip_v3_v1_0_S00_AXI_inst/slv_reg1[23]_i_1_n_0                                                                                       | Diagramm_i/my_ip_v3_0/U0/my_ip_v3_v1_0_S00_AXI_inst/axi_awready_i_1_n_0                                                                    |                1 |             16 |
|  Diagramm_i/processing_system7_0/inst/FCLK_CLK0 | Diagramm_i/my_ip_v3_0/U0/my_ip_v3_v1_0_S00_AXI_inst/p_1_in[15]                                                                                                 | Diagramm_i/my_ip_v3_0/U0/my_ip_v3_v1_0_S00_AXI_inst/axi_awready_i_1_n_0                                                                    |                1 |             16 |
|  Diagramm_i/processing_system7_0/inst/FCLK_CLK0 | Diagramm_i/ps7_0_axi_periph/s00_couplers/auto_pc/inst/gen_axilite.gen_b2s_conv.axilite_b2s/RD.ar_channel_0/ar_cmd_fsm_0/wrap_boundary_axaddr_r_reg[11][0]      |                                                                                                                                            |                5 |             16 |
|  Diagramm_i/processing_system7_0/inst/FCLK_CLK0 | Diagramm_i/ps7_0_axi_periph/s00_couplers/auto_pc/inst/gen_axilite.gen_b2s_conv.axilite_b2s/WR.b_channel_0/mhandshake_r                                         | Diagramm_i/ps7_0_axi_periph/s00_couplers/auto_pc/inst/gen_axilite.gen_b2s_conv.axilite_b2s/WR.b_channel_0/bid_fifo_0/SR[0]                 |                3 |             16 |
|  Diagramm_i/processing_system7_0/inst/FCLK_CLK0 | Diagramm_i/ps7_0_axi_periph/s00_couplers/auto_pc/inst/gen_axilite.gen_b2s_conv.axilite_b2s/WR.aw_channel_0/aw_cmd_fsm_0/E[0]                                   |                                                                                                                                            |                4 |             16 |
|  Diagramm_i/processing_system7_0/inst/FCLK_CLK0 | Diagramm_i/ps7_0_axi_periph/s00_couplers/auto_pc/inst/gen_axilite.gen_b2s_conv.axilite_b2s/WR.aw_channel_0/cmd_translator_0/incr_cmd_0/axaddr_incr[11]_i_1_n_0 |                                                                                                                                            |                3 |             16 |
|  Diagramm_i/processing_system7_0/inst/FCLK_CLK0 | Diagramm_i/my_ip_v3_0/U0/my_ip_v3_v1_0_S00_AXI_inst/p_1_in[31]                                                                                                 | Diagramm_i/my_ip_v3_0/U0/my_ip_v3_v1_0_S00_AXI_inst/axi_awready_i_1_n_0                                                                    |                2 |             16 |
|  Diagramm_i/processing_system7_0/inst/FCLK_CLK0 |                                                                                                                                                                | Diagramm_i/my_ip_v3_0/U0/my_ip_v3_v1_0_S00_AXI_inst/axi_awready_i_1_n_0                                                                    |                5 |             22 |
|  Diagramm_i/processing_system7_0/inst/FCLK_CLK0 | Diagramm_i/ps7_0_axi_periph/s00_couplers/auto_pc/inst/gen_axilite.gen_b2s_conv.axilite_b2s/RD.r_channel_0/r_push_r                                             |                                                                                                                                            |                4 |             26 |
|  Diagramm_i/processing_system7_0/inst/FCLK_CLK0 | Diagramm_i/ps7_0_axi_periph/s00_couplers/auto_pc/inst/gen_axilite.gen_b2s_conv.axilite_b2s/SI_REG/b.b_pipe/p_1_in                                              |                                                                                                                                            |                3 |             28 |
|  Diagramm_i/processing_system7_0/inst/FCLK_CLK0 | Diagramm_i/ps7_0_axi_periph/s00_couplers/auto_pc/inst/gen_axilite.gen_b2s_conv.axilite_b2s/SI_REG/b.b_pipe/skid_buffer_reg[0]_0                                |                                                                                                                                            |                5 |             28 |
|  Diagramm_i/processing_system7_0/inst/FCLK_CLK0 | Diagramm_i/ps7_0_axi_periph/s00_couplers/auto_pc/inst/gen_axilite.gen_b2s_conv.axilite_b2s/WR.aw_channel_0/aw_cmd_fsm_0/axaddr_wrap_reg[11][0]                 |                                                                                                                                            |                5 |             32 |
|  Diagramm_i/processing_system7_0/inst/FCLK_CLK0 | Diagramm_i/ps7_0_axi_periph/s00_couplers/auto_pc/inst/gen_axilite.gen_b2s_conv.axilite_b2s/RD.ar_channel_0/ar_cmd_fsm_0/E[0]                                   |                                                                                                                                            |                7 |             32 |
|  Diagramm_i/processing_system7_0/inst/FCLK_CLK0 | Diagramm_i/ps7_0_axi_periph/s00_couplers/auto_pc/inst/gen_axilite.gen_b2s_conv.axilite_b2s/WR.aw_channel_0/aw_cmd_fsm_0/b_push                                 |                                                                                                                                            |                3 |             32 |
|  Diagramm_i/processing_system7_0/inst/FCLK_CLK0 | Diagramm_i/ps7_0_axi_periph/s00_couplers/auto_pc/inst/gen_axilite.gen_b2s_conv.axilite_b2s/SI_REG/aw.aw_pipe/s_axi_awready                                     |                                                                                                                                            |                5 |             56 |
|  Diagramm_i/processing_system7_0/inst/FCLK_CLK0 | Diagramm_i/ps7_0_axi_periph/s00_couplers/auto_pc/inst/gen_axilite.gen_b2s_conv.axilite_b2s/WR.aw_channel_0/aw_cmd_fsm_0/m_payload_i_reg[0][0]                  |                                                                                                                                            |                5 |             56 |
|  Diagramm_i/processing_system7_0/inst/FCLK_CLK0 | Diagramm_i/ps7_0_axi_periph/s00_couplers/auto_pc/inst/gen_axilite.gen_b2s_conv.axilite_b2s/SI_REG/ar.ar_pipe/s_axi_arready                                     |                                                                                                                                            |                7 |             56 |
|  Diagramm_i/processing_system7_0/inst/FCLK_CLK0 | Diagramm_i/ps7_0_axi_periph/s00_couplers/auto_pc/inst/gen_axilite.gen_b2s_conv.axilite_b2s/RD.ar_channel_0/ar_cmd_fsm_0/m_payload_i_reg[0]_1[0]                |                                                                                                                                            |                9 |             56 |
|  Diagramm_i/processing_system7_0/inst/FCLK_CLK0 | Diagramm_i/ps7_0_axi_periph/s00_couplers/auto_pc/inst/gen_axilite.gen_b2s_conv.axilite_b2s/RD.r_channel_0/rd_data_fifo_0/wr_en0                                |                                                                                                                                            |                9 |             64 |
|  Diagramm_i/processing_system7_0/inst/FCLK_CLK0 | Diagramm_i/my_ip_v3_0/U0/my_ip_v3_v1_0_S00_AXI_inst/slv_reg_rden                                                                                               | Diagramm_i/my_ip_v3_0/U0/my_ip_v3_v1_0_S00_AXI_inst/axi_awready_i_1_n_0                                                                    |               12 |             64 |
|  Diagramm_i/processing_system7_0/inst/FCLK_CLK0 | Diagramm_i/ps7_0_axi_periph/s00_couplers/auto_pc/inst/gen_axilite.gen_b2s_conv.axilite_b2s/SI_REG/r.r_pipe/p_1_in                                              |                                                                                                                                            |                9 |             90 |
|  Diagramm_i/processing_system7_0/inst/FCLK_CLK0 | Diagramm_i/ps7_0_axi_periph/s00_couplers/auto_pc/inst/gen_axilite.gen_b2s_conv.axilite_b2s/SI_REG/r.r_pipe/skid_buffer_reg[0]_0                                |                                                                                                                                            |                9 |             90 |
|  Diagramm_i/processing_system7_0/inst/FCLK_CLK0 |                                                                                                                                                                | Diagramm_i/ps7_0_axi_periph/s00_couplers/auto_pc/inst/gen_axilite.gen_b2s_conv.axilite_b2s/areset_d1                                       |               15 |            120 |
|  Diagramm_i/processing_system7_0/inst/FCLK_CLK0 |                                                                                                                                                                |                                                                                                                                            |               40 |            220 |
+-------------------------------------------------+----------------------------------------------------------------------------------------------------------------------------------------------------------------+--------------------------------------------------------------------------------------------------------------------------------------------+------------------+----------------+


