23:49:50 INFO  : Registering command handlers for SDK TCF services
23:49:51 INFO  : Launching XSCT server: xsct -n -interactive /home/anzhelika/projekt/myIpv3/VivadoDesign/VivadoDesign.sdk/temp_xsdb_launch_script.tcl
23:49:53 INFO  : XSCT server has started successfully.
23:49:54 INFO  : Successfully done setting XSCT server connection channel  
23:49:54 INFO  : Successfully done setting SDK workspace  
23:49:54 INFO  : Processing command line option -hwspec /home/anzhelika/projekt/myIpv3/VivadoDesign/VivadoDesign.sdk/Diagramm_wrapper.hdf.
09:17:15 INFO  : Registering command handlers for SDK TCF services
09:17:16 INFO  : Launching XSCT server: xsct -n -interactive /home/anzhelika/projekt/myIpv3/VivadoDesign/VivadoDesign.sdk/temp_xsdb_launch_script.tcl
09:17:18 INFO  : XSCT server has started successfully.
09:17:18 INFO  : Successfully done setting XSCT server connection channel  
09:17:18 INFO  : Successfully done setting SDK workspace  
09:17:18 INFO  : Processing command line option -hwspec /home/anzhelika/projekt/myIpv3/VivadoDesign/VivadoDesign.sdk/Diagramm_wrapper.hdf.
09:17:18 INFO  : Checking for hwspec changes in the project Diagramm_wrapper_hw_platform_0.
10:54:02 INFO  : Connected to target on host '127.0.0.1' and port '3121'.
10:54:02 INFO  : 'targets -set -filter {jtag_cable_name =~ "JTAG-ONB4 251633000000A" && level==0} -index 1' command is executed.
10:54:03 INFO  : FPGA configured successfully with bitstream "/home/anzhelika/projekt/myIpv3/VivadoDesign/VivadoDesign.sdk/Diagramm_wrapper_hw_platform_0/Diagramm_wrapper.bit"
10:54:56 INFO  : 'targets -set -filter {jtag_cable_name =~ "JTAG-ONB4 251633000000A" && level==0} -index 1' command is executed.
10:54:56 INFO  : 'fpga -state' command is executed.
10:54:56 INFO  : Connected to target on host '127.0.0.1' and port '3121'.
10:54:56 INFO  : Jtag cable 'JTAG-ONB4 251633000000A' is selected.
10:54:56 INFO  : 'jtag frequency' command is executed.
10:54:56 INFO  : Sourcing of '/home/anzhelika/projekt/myIpv3/VivadoDesign/VivadoDesign.sdk/Diagramm_wrapper_hw_platform_0/ps7_init.tcl' is done.
10:54:56 INFO  : Context for 'APU' is selected.
10:54:56 INFO  : Hardware design information is loaded from '/home/anzhelika/projekt/myIpv3/VivadoDesign/VivadoDesign.sdk/Diagramm_wrapper_hw_platform_0/system.hdf'.
10:54:56 INFO  : 'configparams force-mem-access 1' command is executed.
10:54:56 INFO  : Context for 'APU' is selected.
10:54:56 INFO  : 'stop' command is executed.
10:54:57 INFO  : 'ps7_init' command is executed.
10:54:57 INFO  : 'ps7_post_config' command is executed.
10:54:57 INFO  : Context for processor 'ps7_cortexa9_0' is selected.
10:54:57 INFO  : Processor reset is completed for 'ps7_cortexa9_0'.
10:54:57 INFO  : Context for processor 'ps7_cortexa9_0' is selected.
10:54:57 INFO  : The application '/home/anzhelika/projekt/myIpv3/VivadoDesign/VivadoDesign.sdk/test_ip/Debug/test_ip.elf' is downloaded to processor 'ps7_cortexa9_0'.
10:54:57 INFO  : 'configparams force-mem-access 0' command is executed.
10:54:57 INFO  : ----------------XSDB Script----------------
connect -url tcp:127.0.0.1:3121
source /home/anzhelika/projekt/myIpv3/VivadoDesign/VivadoDesign.sdk/Diagramm_wrapper_hw_platform_0/ps7_init.tcl
targets -set -nocase -filter {name =~"APU*" && jtag_cable_name =~ "JTAG-ONB4 251633000000A"} -index 0
loadhw -hw /home/anzhelika/projekt/myIpv3/VivadoDesign/VivadoDesign.sdk/Diagramm_wrapper_hw_platform_0/system.hdf -mem-ranges [list {0x40000000 0xbfffffff}]
configparams force-mem-access 1
targets -set -nocase -filter {name =~"APU*" && jtag_cable_name =~ "JTAG-ONB4 251633000000A"} -index 0
stop
ps7_init
ps7_post_config
targets -set -nocase -filter {name =~ "ARM*#0" && jtag_cable_name =~ "JTAG-ONB4 251633000000A"} -index 0
rst -processor
targets -set -nocase -filter {name =~ "ARM*#0" && jtag_cable_name =~ "JTAG-ONB4 251633000000A"} -index 0
dow /home/anzhelika/projekt/myIpv3/VivadoDesign/VivadoDesign.sdk/test_ip/Debug/test_ip.elf
configparams force-mem-access 0
----------------End of Script----------------

10:54:57 INFO  : Context for processor 'ps7_cortexa9_0' is selected.
10:54:57 INFO  : 'con' command is executed.
10:54:57 INFO  : ----------------XSDB Script (After Launch)----------------
targets -set -nocase -filter {name =~ "ARM*#0" && jtag_cable_name =~ "JTAG-ONB4 251633000000A"} -index 0
con
----------------End of Script----------------

10:54:57 INFO  : Disconnected from the channel tcfchan#1.
12:03:49 INFO  : Connected to target on host '127.0.0.1' and port '3121'.
12:03:49 INFO  : 'targets -set -filter {jtag_cable_name =~ "JTAG-ONB4 251633000000A" && level==0} -index 1' command is executed.
12:03:50 INFO  : FPGA configured successfully with bitstream "/home/anzhelika/projekt/myIpv3/VivadoDesign/VivadoDesign.sdk/Diagramm_wrapper_hw_platform_0/Diagramm_wrapper.bit"
12:04:08 INFO  : 'targets -set -filter {jtag_cable_name =~ "JTAG-ONB4 251633000000A" && level==0} -index 1' command is executed.
12:04:08 INFO  : 'fpga -state' command is executed.
12:04:08 INFO  : Connected to target on host '127.0.0.1' and port '3121'.
12:04:08 INFO  : Jtag cable 'JTAG-ONB4 251633000000A' is selected.
12:04:08 INFO  : 'jtag frequency' command is executed.
12:04:08 INFO  : Sourcing of '/home/anzhelika/projekt/myIpv3/VivadoDesign/VivadoDesign.sdk/Diagramm_wrapper_hw_platform_0/ps7_init.tcl' is done.
12:04:08 INFO  : Context for 'APU' is selected.
12:04:08 INFO  : Hardware design information is loaded from '/home/anzhelika/projekt/myIpv3/VivadoDesign/VivadoDesign.sdk/Diagramm_wrapper_hw_platform_0/system.hdf'.
12:04:08 INFO  : 'configparams force-mem-access 1' command is executed.
12:04:08 INFO  : Context for 'APU' is selected.
12:04:08 INFO  : 'stop' command is executed.
12:04:09 INFO  : 'ps7_init' command is executed.
12:04:09 INFO  : 'ps7_post_config' command is executed.
12:04:09 INFO  : Context for processor 'ps7_cortexa9_0' is selected.
12:04:09 INFO  : Processor reset is completed for 'ps7_cortexa9_0'.
12:04:09 INFO  : Context for processor 'ps7_cortexa9_0' is selected.
12:04:09 INFO  : The application '/home/anzhelika/projekt/myIpv3/VivadoDesign/VivadoDesign.sdk/test_ip/Debug/test_ip.elf' is downloaded to processor 'ps7_cortexa9_0'.
12:04:09 INFO  : 'configparams force-mem-access 0' command is executed.
12:04:09 INFO  : ----------------XSDB Script----------------
connect -url tcp:127.0.0.1:3121
source /home/anzhelika/projekt/myIpv3/VivadoDesign/VivadoDesign.sdk/Diagramm_wrapper_hw_platform_0/ps7_init.tcl
targets -set -nocase -filter {name =~"APU*" && jtag_cable_name =~ "JTAG-ONB4 251633000000A"} -index 0
loadhw -hw /home/anzhelika/projekt/myIpv3/VivadoDesign/VivadoDesign.sdk/Diagramm_wrapper_hw_platform_0/system.hdf -mem-ranges [list {0x40000000 0xbfffffff}]
configparams force-mem-access 1
targets -set -nocase -filter {name =~"APU*" && jtag_cable_name =~ "JTAG-ONB4 251633000000A"} -index 0
stop
ps7_init
ps7_post_config
targets -set -nocase -filter {name =~ "ARM*#0" && jtag_cable_name =~ "JTAG-ONB4 251633000000A"} -index 0
rst -processor
targets -set -nocase -filter {name =~ "ARM*#0" && jtag_cable_name =~ "JTAG-ONB4 251633000000A"} -index 0
dow /home/anzhelika/projekt/myIpv3/VivadoDesign/VivadoDesign.sdk/test_ip/Debug/test_ip.elf
configparams force-mem-access 0
----------------End of Script----------------

12:04:09 INFO  : Context for processor 'ps7_cortexa9_0' is selected.
12:04:09 INFO  : 'con' command is executed.
12:04:09 INFO  : ----------------XSDB Script (After Launch)----------------
targets -set -nocase -filter {name =~ "ARM*#0" && jtag_cable_name =~ "JTAG-ONB4 251633000000A"} -index 0
con
----------------End of Script----------------

12:04:09 INFO  : Disconnected from the channel tcfchan#2.
12:07:20 INFO  : 'targets -set -filter {jtag_cable_name =~ "JTAG-ONB4 251633000000A" && level==0} -index 1' command is executed.
12:07:20 INFO  : 'fpga -state' command is executed.
12:07:20 INFO  : Connected to target on host '127.0.0.1' and port '3121'.
12:07:20 INFO  : Jtag cable 'JTAG-ONB4 251633000000A' is selected.
12:07:20 INFO  : 'jtag frequency' command is executed.
12:07:20 INFO  : Sourcing of '/home/anzhelika/projekt/myIpv3/VivadoDesign/VivadoDesign.sdk/Diagramm_wrapper_hw_platform_0/ps7_init.tcl' is done.
12:07:20 INFO  : Context for 'APU' is selected.
12:07:20 INFO  : Hardware design information is loaded from '/home/anzhelika/projekt/myIpv3/VivadoDesign/VivadoDesign.sdk/Diagramm_wrapper_hw_platform_0/system.hdf'.
12:07:20 INFO  : 'configparams force-mem-access 1' command is executed.
12:07:20 INFO  : Context for 'APU' is selected.
12:07:20 INFO  : 'stop' command is executed.
12:07:20 INFO  : 'ps7_init' command is executed.
12:07:20 INFO  : 'ps7_post_config' command is executed.
12:07:20 INFO  : Context for processor 'ps7_cortexa9_0' is selected.
12:07:20 INFO  : Processor reset is completed for 'ps7_cortexa9_0'.
12:07:20 INFO  : Context for processor 'ps7_cortexa9_0' is selected.
12:07:21 INFO  : The application '/home/anzhelika/projekt/myIpv3/VivadoDesign/VivadoDesign.sdk/test_ip/Debug/test_ip.elf' is downloaded to processor 'ps7_cortexa9_0'.
12:07:21 INFO  : 'configparams force-mem-access 0' command is executed.
12:07:21 INFO  : ----------------XSDB Script----------------
connect -url tcp:127.0.0.1:3121
source /home/anzhelika/projekt/myIpv3/VivadoDesign/VivadoDesign.sdk/Diagramm_wrapper_hw_platform_0/ps7_init.tcl
targets -set -nocase -filter {name =~"APU*" && jtag_cable_name =~ "JTAG-ONB4 251633000000A"} -index 0
loadhw -hw /home/anzhelika/projekt/myIpv3/VivadoDesign/VivadoDesign.sdk/Diagramm_wrapper_hw_platform_0/system.hdf -mem-ranges [list {0x40000000 0xbfffffff}]
configparams force-mem-access 1
targets -set -nocase -filter {name =~"APU*" && jtag_cable_name =~ "JTAG-ONB4 251633000000A"} -index 0
stop
ps7_init
ps7_post_config
targets -set -nocase -filter {name =~ "ARM*#0" && jtag_cable_name =~ "JTAG-ONB4 251633000000A"} -index 0
rst -processor
targets -set -nocase -filter {name =~ "ARM*#0" && jtag_cable_name =~ "JTAG-ONB4 251633000000A"} -index 0
dow /home/anzhelika/projekt/myIpv3/VivadoDesign/VivadoDesign.sdk/test_ip/Debug/test_ip.elf
configparams force-mem-access 0
----------------End of Script----------------

12:07:21 INFO  : Context for processor 'ps7_cortexa9_0' is selected.
12:07:21 INFO  : 'con' command is executed.
12:07:21 INFO  : ----------------XSDB Script (After Launch)----------------
targets -set -nocase -filter {name =~ "ARM*#0" && jtag_cable_name =~ "JTAG-ONB4 251633000000A"} -index 0
con
----------------End of Script----------------

12:07:21 INFO  : Disconnected from the channel tcfchan#3.
12:18:23 INFO  : 'targets -set -filter {jtag_cable_name =~ "JTAG-ONB4 251633000000A" && level==0} -index 1' command is executed.
12:18:23 INFO  : 'fpga -state' command is executed.
12:18:23 INFO  : Connected to target on host '127.0.0.1' and port '3121'.
12:18:23 INFO  : Jtag cable 'JTAG-ONB4 251633000000A' is selected.
12:18:23 INFO  : 'jtag frequency' command is executed.
12:18:23 INFO  : Sourcing of '/home/anzhelika/projekt/myIpv3/VivadoDesign/VivadoDesign.sdk/Diagramm_wrapper_hw_platform_0/ps7_init.tcl' is done.
12:18:23 INFO  : Context for 'APU' is selected.
12:18:23 INFO  : Hardware design information is loaded from '/home/anzhelika/projekt/myIpv3/VivadoDesign/VivadoDesign.sdk/Diagramm_wrapper_hw_platform_0/system.hdf'.
12:18:23 INFO  : 'configparams force-mem-access 1' command is executed.
12:18:23 INFO  : Context for 'APU' is selected.
12:18:23 INFO  : 'stop' command is executed.
12:18:24 INFO  : 'ps7_init' command is executed.
12:18:24 INFO  : 'ps7_post_config' command is executed.
12:18:24 INFO  : Context for processor 'ps7_cortexa9_0' is selected.
12:18:24 INFO  : Processor reset is completed for 'ps7_cortexa9_0'.
12:18:24 INFO  : Context for processor 'ps7_cortexa9_0' is selected.
12:18:24 INFO  : The application '/home/anzhelika/projekt/myIpv3/VivadoDesign/VivadoDesign.sdk/test_ip/Debug/test_ip.elf' is downloaded to processor 'ps7_cortexa9_0'.
12:18:24 INFO  : 'configparams force-mem-access 0' command is executed.
12:18:24 INFO  : ----------------XSDB Script----------------
connect -url tcp:127.0.0.1:3121
source /home/anzhelika/projekt/myIpv3/VivadoDesign/VivadoDesign.sdk/Diagramm_wrapper_hw_platform_0/ps7_init.tcl
targets -set -nocase -filter {name =~"APU*" && jtag_cable_name =~ "JTAG-ONB4 251633000000A"} -index 0
loadhw -hw /home/anzhelika/projekt/myIpv3/VivadoDesign/VivadoDesign.sdk/Diagramm_wrapper_hw_platform_0/system.hdf -mem-ranges [list {0x40000000 0xbfffffff}]
configparams force-mem-access 1
targets -set -nocase -filter {name =~"APU*" && jtag_cable_name =~ "JTAG-ONB4 251633000000A"} -index 0
stop
ps7_init
ps7_post_config
targets -set -nocase -filter {name =~ "ARM*#0" && jtag_cable_name =~ "JTAG-ONB4 251633000000A"} -index 0
rst -processor
targets -set -nocase -filter {name =~ "ARM*#0" && jtag_cable_name =~ "JTAG-ONB4 251633000000A"} -index 0
dow /home/anzhelika/projekt/myIpv3/VivadoDesign/VivadoDesign.sdk/test_ip/Debug/test_ip.elf
configparams force-mem-access 0
----------------End of Script----------------

12:18:24 INFO  : Context for processor 'ps7_cortexa9_0' is selected.
12:18:24 INFO  : 'con' command is executed.
12:18:24 INFO  : ----------------XSDB Script (After Launch)----------------
targets -set -nocase -filter {name =~ "ARM*#0" && jtag_cable_name =~ "JTAG-ONB4 251633000000A"} -index 0
con
----------------End of Script----------------

12:18:24 INFO  : Disconnected from the channel tcfchan#4.
12:23:29 INFO  : 'targets -set -filter {jtag_cable_name =~ "JTAG-ONB4 251633000000A" && level==0} -index 1' command is executed.
12:23:29 INFO  : 'fpga -state' command is executed.
12:23:29 INFO  : Connected to target on host '127.0.0.1' and port '3121'.
12:23:29 INFO  : Jtag cable 'JTAG-ONB4 251633000000A' is selected.
12:23:29 INFO  : 'jtag frequency' command is executed.
12:23:29 INFO  : Sourcing of '/home/anzhelika/projekt/myIpv3/VivadoDesign/VivadoDesign.sdk/Diagramm_wrapper_hw_platform_0/ps7_init.tcl' is done.
12:23:29 INFO  : Context for 'APU' is selected.
12:23:29 INFO  : Hardware design information is loaded from '/home/anzhelika/projekt/myIpv3/VivadoDesign/VivadoDesign.sdk/Diagramm_wrapper_hw_platform_0/system.hdf'.
12:23:29 INFO  : 'configparams force-mem-access 1' command is executed.
12:23:29 INFO  : Context for 'APU' is selected.
12:23:29 INFO  : 'stop' command is executed.
12:23:30 INFO  : 'ps7_init' command is executed.
12:23:30 INFO  : 'ps7_post_config' command is executed.
12:23:30 INFO  : Context for processor 'ps7_cortexa9_0' is selected.
12:23:30 INFO  : Processor reset is completed for 'ps7_cortexa9_0'.
12:23:30 INFO  : Context for processor 'ps7_cortexa9_0' is selected.
12:23:30 INFO  : The application '/home/anzhelika/projekt/myIpv3/VivadoDesign/VivadoDesign.sdk/test_ip/Debug/test_ip.elf' is downloaded to processor 'ps7_cortexa9_0'.
12:23:30 INFO  : 'configparams force-mem-access 0' command is executed.
12:23:30 INFO  : ----------------XSDB Script----------------
connect -url tcp:127.0.0.1:3121
source /home/anzhelika/projekt/myIpv3/VivadoDesign/VivadoDesign.sdk/Diagramm_wrapper_hw_platform_0/ps7_init.tcl
targets -set -nocase -filter {name =~"APU*" && jtag_cable_name =~ "JTAG-ONB4 251633000000A"} -index 0
loadhw -hw /home/anzhelika/projekt/myIpv3/VivadoDesign/VivadoDesign.sdk/Diagramm_wrapper_hw_platform_0/system.hdf -mem-ranges [list {0x40000000 0xbfffffff}]
configparams force-mem-access 1
targets -set -nocase -filter {name =~"APU*" && jtag_cable_name =~ "JTAG-ONB4 251633000000A"} -index 0
stop
ps7_init
ps7_post_config
targets -set -nocase -filter {name =~ "ARM*#0" && jtag_cable_name =~ "JTAG-ONB4 251633000000A"} -index 0
rst -processor
targets -set -nocase -filter {name =~ "ARM*#0" && jtag_cable_name =~ "JTAG-ONB4 251633000000A"} -index 0
dow /home/anzhelika/projekt/myIpv3/VivadoDesign/VivadoDesign.sdk/test_ip/Debug/test_ip.elf
configparams force-mem-access 0
----------------End of Script----------------

12:23:30 INFO  : Context for processor 'ps7_cortexa9_0' is selected.
12:23:30 INFO  : 'con' command is executed.
12:23:30 INFO  : ----------------XSDB Script (After Launch)----------------
targets -set -nocase -filter {name =~ "ARM*#0" && jtag_cable_name =~ "JTAG-ONB4 251633000000A"} -index 0
con
----------------End of Script----------------

12:23:30 INFO  : Disconnected from the channel tcfchan#5.
12:24:01 INFO  : 'targets -set -filter {jtag_cable_name =~ "JTAG-ONB4 251633000000A" && level==0} -index 1' command is executed.
12:24:01 INFO  : 'fpga -state' command is executed.
12:24:01 INFO  : Connected to target on host '127.0.0.1' and port '3121'.
12:24:01 INFO  : Jtag cable 'JTAG-ONB4 251633000000A' is selected.
12:24:01 INFO  : 'jtag frequency' command is executed.
12:24:01 INFO  : Sourcing of '/home/anzhelika/projekt/myIpv3/VivadoDesign/VivadoDesign.sdk/Diagramm_wrapper_hw_platform_0/ps7_init.tcl' is done.
12:24:01 INFO  : Context for 'APU' is selected.
12:24:03 INFO  : Hardware design information is loaded from '/home/anzhelika/projekt/myIpv3/VivadoDesign/VivadoDesign.sdk/Diagramm_wrapper_hw_platform_0/system.hdf'.
12:24:03 INFO  : 'configparams force-mem-access 1' command is executed.
12:24:03 INFO  : Context for 'APU' is selected.
12:24:03 INFO  : 'stop' command is executed.
12:24:03 INFO  : 'ps7_init' command is executed.
12:24:03 INFO  : 'ps7_post_config' command is executed.
12:24:03 INFO  : Context for processor 'ps7_cortexa9_0' is selected.
12:24:03 INFO  : Processor reset is completed for 'ps7_cortexa9_0'.
12:24:03 INFO  : Context for processor 'ps7_cortexa9_0' is selected.
12:24:03 INFO  : The application '/home/anzhelika/projekt/myIpv3/VivadoDesign/VivadoDesign.sdk/test_ip/Debug/test_ip.elf' is downloaded to processor 'ps7_cortexa9_0'.
12:24:03 INFO  : 'configparams force-mem-access 0' command is executed.
12:24:03 INFO  : ----------------XSDB Script----------------
connect -url tcp:127.0.0.1:3121
source /home/anzhelika/projekt/myIpv3/VivadoDesign/VivadoDesign.sdk/Diagramm_wrapper_hw_platform_0/ps7_init.tcl
targets -set -nocase -filter {name =~"APU*" && jtag_cable_name =~ "JTAG-ONB4 251633000000A"} -index 0
loadhw -hw /home/anzhelika/projekt/myIpv3/VivadoDesign/VivadoDesign.sdk/Diagramm_wrapper_hw_platform_0/system.hdf -mem-ranges [list {0x40000000 0xbfffffff}]
configparams force-mem-access 1
targets -set -nocase -filter {name =~"APU*" && jtag_cable_name =~ "JTAG-ONB4 251633000000A"} -index 0
stop
ps7_init
ps7_post_config
targets -set -nocase -filter {name =~ "ARM*#0" && jtag_cable_name =~ "JTAG-ONB4 251633000000A"} -index 0
rst -processor
targets -set -nocase -filter {name =~ "ARM*#0" && jtag_cable_name =~ "JTAG-ONB4 251633000000A"} -index 0
dow /home/anzhelika/projekt/myIpv3/VivadoDesign/VivadoDesign.sdk/test_ip/Debug/test_ip.elf
configparams force-mem-access 0
----------------End of Script----------------

12:24:03 INFO  : Context for processor 'ps7_cortexa9_0' is selected.
12:24:03 INFO  : 'con' command is executed.
12:24:03 INFO  : ----------------XSDB Script (After Launch)----------------
targets -set -nocase -filter {name =~ "ARM*#0" && jtag_cable_name =~ "JTAG-ONB4 251633000000A"} -index 0
con
----------------End of Script----------------

12:24:03 INFO  : Disconnected from the channel tcfchan#6.
12:26:07 INFO  : 'targets -set -filter {jtag_cable_name =~ "JTAG-ONB4 251633000000A" && level==0} -index 1' command is executed.
12:26:07 INFO  : 'fpga -state' command is executed.
12:26:07 INFO  : Connected to target on host '127.0.0.1' and port '3121'.
12:26:07 INFO  : Jtag cable 'JTAG-ONB4 251633000000A' is selected.
12:26:07 INFO  : 'jtag frequency' command is executed.
12:26:07 INFO  : Sourcing of '/home/anzhelika/projekt/myIpv3/VivadoDesign/VivadoDesign.sdk/Diagramm_wrapper_hw_platform_0/ps7_init.tcl' is done.
12:26:07 INFO  : Context for 'APU' is selected.
12:26:07 INFO  : Hardware design information is loaded from '/home/anzhelika/projekt/myIpv3/VivadoDesign/VivadoDesign.sdk/Diagramm_wrapper_hw_platform_0/system.hdf'.
12:26:07 INFO  : 'configparams force-mem-access 1' command is executed.
12:26:07 INFO  : Context for 'APU' is selected.
12:26:07 INFO  : 'stop' command is executed.
12:26:07 INFO  : 'ps7_init' command is executed.
12:26:07 INFO  : 'ps7_post_config' command is executed.
12:26:08 INFO  : Context for processor 'ps7_cortexa9_0' is selected.
12:26:08 INFO  : Processor reset is completed for 'ps7_cortexa9_0'.
12:26:08 INFO  : Context for processor 'ps7_cortexa9_0' is selected.
12:26:08 INFO  : The application '/home/anzhelika/projekt/myIpv3/VivadoDesign/VivadoDesign.sdk/test_ip/Debug/test_ip.elf' is downloaded to processor 'ps7_cortexa9_0'.
12:26:08 INFO  : 'configparams force-mem-access 0' command is executed.
12:26:08 INFO  : ----------------XSDB Script----------------
connect -url tcp:127.0.0.1:3121
source /home/anzhelika/projekt/myIpv3/VivadoDesign/VivadoDesign.sdk/Diagramm_wrapper_hw_platform_0/ps7_init.tcl
targets -set -nocase -filter {name =~"APU*" && jtag_cable_name =~ "JTAG-ONB4 251633000000A"} -index 0
loadhw -hw /home/anzhelika/projekt/myIpv3/VivadoDesign/VivadoDesign.sdk/Diagramm_wrapper_hw_platform_0/system.hdf -mem-ranges [list {0x40000000 0xbfffffff}]
configparams force-mem-access 1
targets -set -nocase -filter {name =~"APU*" && jtag_cable_name =~ "JTAG-ONB4 251633000000A"} -index 0
stop
ps7_init
ps7_post_config
targets -set -nocase -filter {name =~ "ARM*#0" && jtag_cable_name =~ "JTAG-ONB4 251633000000A"} -index 0
rst -processor
targets -set -nocase -filter {name =~ "ARM*#0" && jtag_cable_name =~ "JTAG-ONB4 251633000000A"} -index 0
dow /home/anzhelika/projekt/myIpv3/VivadoDesign/VivadoDesign.sdk/test_ip/Debug/test_ip.elf
configparams force-mem-access 0
----------------End of Script----------------

12:26:08 INFO  : Context for processor 'ps7_cortexa9_0' is selected.
12:26:08 INFO  : 'con' command is executed.
12:26:08 INFO  : ----------------XSDB Script (After Launch)----------------
targets -set -nocase -filter {name =~ "ARM*#0" && jtag_cable_name =~ "JTAG-ONB4 251633000000A"} -index 0
con
----------------End of Script----------------

12:26:08 INFO  : Disconnected from the channel tcfchan#7.
12:27:30 INFO  : 'targets -set -filter {jtag_cable_name =~ "JTAG-ONB4 251633000000A" && level==0} -index 1' command is executed.
12:27:30 INFO  : 'fpga -state' command is executed.
12:27:30 INFO  : Connected to target on host '127.0.0.1' and port '3121'.
12:27:30 INFO  : Jtag cable 'JTAG-ONB4 251633000000A' is selected.
12:27:30 INFO  : 'jtag frequency' command is executed.
12:27:30 INFO  : Sourcing of '/home/anzhelika/projekt/myIpv3/VivadoDesign/VivadoDesign.sdk/Diagramm_wrapper_hw_platform_0/ps7_init.tcl' is done.
12:27:30 INFO  : Context for 'APU' is selected.
12:27:30 INFO  : Hardware design information is loaded from '/home/anzhelika/projekt/myIpv3/VivadoDesign/VivadoDesign.sdk/Diagramm_wrapper_hw_platform_0/system.hdf'.
12:27:30 INFO  : 'configparams force-mem-access 1' command is executed.
12:27:30 INFO  : Context for 'APU' is selected.
12:27:30 INFO  : 'stop' command is executed.
12:27:30 INFO  : 'ps7_init' command is executed.
12:27:30 INFO  : 'ps7_post_config' command is executed.
12:27:30 INFO  : Context for processor 'ps7_cortexa9_0' is selected.
12:27:30 INFO  : Processor reset is completed for 'ps7_cortexa9_0'.
12:27:31 INFO  : Context for processor 'ps7_cortexa9_0' is selected.
12:27:31 INFO  : The application '/home/anzhelika/projekt/myIpv3/VivadoDesign/VivadoDesign.sdk/test_ip/Debug/test_ip.elf' is downloaded to processor 'ps7_cortexa9_0'.
12:27:31 INFO  : 'configparams force-mem-access 0' command is executed.
12:27:31 INFO  : ----------------XSDB Script----------------
connect -url tcp:127.0.0.1:3121
source /home/anzhelika/projekt/myIpv3/VivadoDesign/VivadoDesign.sdk/Diagramm_wrapper_hw_platform_0/ps7_init.tcl
targets -set -nocase -filter {name =~"APU*" && jtag_cable_name =~ "JTAG-ONB4 251633000000A"} -index 0
loadhw -hw /home/anzhelika/projekt/myIpv3/VivadoDesign/VivadoDesign.sdk/Diagramm_wrapper_hw_platform_0/system.hdf -mem-ranges [list {0x40000000 0xbfffffff}]
configparams force-mem-access 1
targets -set -nocase -filter {name =~"APU*" && jtag_cable_name =~ "JTAG-ONB4 251633000000A"} -index 0
stop
ps7_init
ps7_post_config
targets -set -nocase -filter {name =~ "ARM*#0" && jtag_cable_name =~ "JTAG-ONB4 251633000000A"} -index 0
rst -processor
targets -set -nocase -filter {name =~ "ARM*#0" && jtag_cable_name =~ "JTAG-ONB4 251633000000A"} -index 0
dow /home/anzhelika/projekt/myIpv3/VivadoDesign/VivadoDesign.sdk/test_ip/Debug/test_ip.elf
configparams force-mem-access 0
----------------End of Script----------------

12:27:31 INFO  : Context for processor 'ps7_cortexa9_0' is selected.
12:27:31 INFO  : 'con' command is executed.
12:27:31 INFO  : ----------------XSDB Script (After Launch)----------------
targets -set -nocase -filter {name =~ "ARM*#0" && jtag_cable_name =~ "JTAG-ONB4 251633000000A"} -index 0
con
----------------End of Script----------------

12:27:31 INFO  : Disconnected from the channel tcfchan#8.
12:31:24 INFO  : 'targets -set -filter {jtag_cable_name =~ "JTAG-ONB4 251633000000A" && level==0} -index 1' command is executed.
12:31:25 INFO  : 'fpga -state' command is executed.
12:31:25 INFO  : Connected to target on host '127.0.0.1' and port '3121'.
12:31:25 INFO  : Jtag cable 'JTAG-ONB4 251633000000A' is selected.
12:31:25 INFO  : 'jtag frequency' command is executed.
12:31:25 INFO  : Sourcing of '/home/anzhelika/projekt/myIpv3/VivadoDesign/VivadoDesign.sdk/Diagramm_wrapper_hw_platform_0/ps7_init.tcl' is done.
12:31:25 INFO  : Context for 'APU' is selected.
12:31:25 INFO  : Hardware design information is loaded from '/home/anzhelika/projekt/myIpv3/VivadoDesign/VivadoDesign.sdk/Diagramm_wrapper_hw_platform_0/system.hdf'.
12:31:25 INFO  : 'configparams force-mem-access 1' command is executed.
12:31:25 INFO  : Context for 'APU' is selected.
12:31:25 INFO  : 'stop' command is executed.
12:31:25 INFO  : 'ps7_init' command is executed.
12:31:25 INFO  : 'ps7_post_config' command is executed.
12:31:25 INFO  : Context for processor 'ps7_cortexa9_0' is selected.
12:31:25 INFO  : Processor reset is completed for 'ps7_cortexa9_0'.
12:31:25 INFO  : Context for processor 'ps7_cortexa9_0' is selected.
12:31:25 INFO  : The application '/home/anzhelika/projekt/myIpv3/VivadoDesign/VivadoDesign.sdk/test_ip/Debug/test_ip.elf' is downloaded to processor 'ps7_cortexa9_0'.
12:31:25 INFO  : 'configparams force-mem-access 0' command is executed.
12:31:25 INFO  : ----------------XSDB Script----------------
connect -url tcp:127.0.0.1:3121
source /home/anzhelika/projekt/myIpv3/VivadoDesign/VivadoDesign.sdk/Diagramm_wrapper_hw_platform_0/ps7_init.tcl
targets -set -nocase -filter {name =~"APU*" && jtag_cable_name =~ "JTAG-ONB4 251633000000A"} -index 0
loadhw -hw /home/anzhelika/projekt/myIpv3/VivadoDesign/VivadoDesign.sdk/Diagramm_wrapper_hw_platform_0/system.hdf -mem-ranges [list {0x40000000 0xbfffffff}]
configparams force-mem-access 1
targets -set -nocase -filter {name =~"APU*" && jtag_cable_name =~ "JTAG-ONB4 251633000000A"} -index 0
stop
ps7_init
ps7_post_config
targets -set -nocase -filter {name =~ "ARM*#0" && jtag_cable_name =~ "JTAG-ONB4 251633000000A"} -index 0
rst -processor
targets -set -nocase -filter {name =~ "ARM*#0" && jtag_cable_name =~ "JTAG-ONB4 251633000000A"} -index 0
dow /home/anzhelika/projekt/myIpv3/VivadoDesign/VivadoDesign.sdk/test_ip/Debug/test_ip.elf
configparams force-mem-access 0
----------------End of Script----------------

12:31:25 INFO  : Context for processor 'ps7_cortexa9_0' is selected.
12:31:25 INFO  : 'con' command is executed.
12:31:25 INFO  : ----------------XSDB Script (After Launch)----------------
targets -set -nocase -filter {name =~ "ARM*#0" && jtag_cable_name =~ "JTAG-ONB4 251633000000A"} -index 0
con
----------------End of Script----------------

12:31:25 INFO  : Disconnected from the channel tcfchan#9.
12:32:25 INFO  : 'targets -set -filter {jtag_cable_name =~ "JTAG-ONB4 251633000000A" && level==0} -index 1' command is executed.
12:32:25 INFO  : 'fpga -state' command is executed.
12:32:25 INFO  : Connected to target on host '127.0.0.1' and port '3121'.
12:32:25 INFO  : Jtag cable 'JTAG-ONB4 251633000000A' is selected.
12:32:25 INFO  : 'jtag frequency' command is executed.
12:32:25 INFO  : Sourcing of '/home/anzhelika/projekt/myIpv3/VivadoDesign/VivadoDesign.sdk/Diagramm_wrapper_hw_platform_0/ps7_init.tcl' is done.
12:32:25 INFO  : Context for 'APU' is selected.
12:32:25 INFO  : Hardware design information is loaded from '/home/anzhelika/projekt/myIpv3/VivadoDesign/VivadoDesign.sdk/Diagramm_wrapper_hw_platform_0/system.hdf'.
12:32:25 INFO  : 'configparams force-mem-access 1' command is executed.
12:32:25 INFO  : Context for 'APU' is selected.
12:32:25 INFO  : 'stop' command is executed.
12:32:26 INFO  : 'ps7_init' command is executed.
12:32:26 INFO  : 'ps7_post_config' command is executed.
12:32:26 INFO  : Context for processor 'ps7_cortexa9_0' is selected.
12:32:26 INFO  : Processor reset is completed for 'ps7_cortexa9_0'.
12:32:26 INFO  : Context for processor 'ps7_cortexa9_0' is selected.
12:32:26 INFO  : The application '/home/anzhelika/projekt/myIpv3/VivadoDesign/VivadoDesign.sdk/test_ip/Debug/test_ip.elf' is downloaded to processor 'ps7_cortexa9_0'.
12:32:26 INFO  : 'configparams force-mem-access 0' command is executed.
12:32:26 INFO  : ----------------XSDB Script----------------
connect -url tcp:127.0.0.1:3121
source /home/anzhelika/projekt/myIpv3/VivadoDesign/VivadoDesign.sdk/Diagramm_wrapper_hw_platform_0/ps7_init.tcl
targets -set -nocase -filter {name =~"APU*" && jtag_cable_name =~ "JTAG-ONB4 251633000000A"} -index 0
loadhw -hw /home/anzhelika/projekt/myIpv3/VivadoDesign/VivadoDesign.sdk/Diagramm_wrapper_hw_platform_0/system.hdf -mem-ranges [list {0x40000000 0xbfffffff}]
configparams force-mem-access 1
targets -set -nocase -filter {name =~"APU*" && jtag_cable_name =~ "JTAG-ONB4 251633000000A"} -index 0
stop
ps7_init
ps7_post_config
targets -set -nocase -filter {name =~ "ARM*#0" && jtag_cable_name =~ "JTAG-ONB4 251633000000A"} -index 0
rst -processor
targets -set -nocase -filter {name =~ "ARM*#0" && jtag_cable_name =~ "JTAG-ONB4 251633000000A"} -index 0
dow /home/anzhelika/projekt/myIpv3/VivadoDesign/VivadoDesign.sdk/test_ip/Debug/test_ip.elf
configparams force-mem-access 0
----------------End of Script----------------

12:32:26 INFO  : Context for processor 'ps7_cortexa9_0' is selected.
12:32:26 INFO  : 'con' command is executed.
12:32:26 INFO  : ----------------XSDB Script (After Launch)----------------
targets -set -nocase -filter {name =~ "ARM*#0" && jtag_cable_name =~ "JTAG-ONB4 251633000000A"} -index 0
con
----------------End of Script----------------

12:32:26 INFO  : Disconnected from the channel tcfchan#10.
12:35:33 INFO  : 'targets -set -filter {jtag_cable_name =~ "JTAG-ONB4 251633000000A" && level==0} -index 1' command is executed.
12:35:33 INFO  : 'fpga -state' command is executed.
12:35:33 INFO  : Connected to target on host '127.0.0.1' and port '3121'.
12:35:33 INFO  : Jtag cable 'JTAG-ONB4 251633000000A' is selected.
12:35:33 INFO  : 'jtag frequency' command is executed.
12:35:33 INFO  : Sourcing of '/home/anzhelika/projekt/myIpv3/VivadoDesign/VivadoDesign.sdk/Diagramm_wrapper_hw_platform_0/ps7_init.tcl' is done.
12:35:33 INFO  : Context for 'APU' is selected.
12:35:33 INFO  : Hardware design information is loaded from '/home/anzhelika/projekt/myIpv3/VivadoDesign/VivadoDesign.sdk/Diagramm_wrapper_hw_platform_0/system.hdf'.
12:35:33 INFO  : 'configparams force-mem-access 1' command is executed.
12:35:33 INFO  : Context for 'APU' is selected.
12:35:33 INFO  : 'stop' command is executed.
12:35:34 INFO  : 'ps7_init' command is executed.
12:35:34 INFO  : 'ps7_post_config' command is executed.
12:35:34 INFO  : Context for processor 'ps7_cortexa9_0' is selected.
12:35:34 INFO  : Processor reset is completed for 'ps7_cortexa9_0'.
12:35:34 INFO  : Context for processor 'ps7_cortexa9_0' is selected.
12:35:34 INFO  : The application '/home/anzhelika/projekt/myIpv3/VivadoDesign/VivadoDesign.sdk/test_ip/Debug/test_ip.elf' is downloaded to processor 'ps7_cortexa9_0'.
12:35:34 INFO  : 'configparams force-mem-access 0' command is executed.
12:35:34 INFO  : ----------------XSDB Script----------------
connect -url tcp:127.0.0.1:3121
source /home/anzhelika/projekt/myIpv3/VivadoDesign/VivadoDesign.sdk/Diagramm_wrapper_hw_platform_0/ps7_init.tcl
targets -set -nocase -filter {name =~"APU*" && jtag_cable_name =~ "JTAG-ONB4 251633000000A"} -index 0
loadhw -hw /home/anzhelika/projekt/myIpv3/VivadoDesign/VivadoDesign.sdk/Diagramm_wrapper_hw_platform_0/system.hdf -mem-ranges [list {0x40000000 0xbfffffff}]
configparams force-mem-access 1
targets -set -nocase -filter {name =~"APU*" && jtag_cable_name =~ "JTAG-ONB4 251633000000A"} -index 0
stop
ps7_init
ps7_post_config
targets -set -nocase -filter {name =~ "ARM*#0" && jtag_cable_name =~ "JTAG-ONB4 251633000000A"} -index 0
rst -processor
targets -set -nocase -filter {name =~ "ARM*#0" && jtag_cable_name =~ "JTAG-ONB4 251633000000A"} -index 0
dow /home/anzhelika/projekt/myIpv3/VivadoDesign/VivadoDesign.sdk/test_ip/Debug/test_ip.elf
configparams force-mem-access 0
----------------End of Script----------------

12:35:34 INFO  : Context for processor 'ps7_cortexa9_0' is selected.
12:35:34 INFO  : 'con' command is executed.
12:35:34 INFO  : ----------------XSDB Script (After Launch)----------------
targets -set -nocase -filter {name =~ "ARM*#0" && jtag_cable_name =~ "JTAG-ONB4 251633000000A"} -index 0
con
----------------End of Script----------------

12:35:34 INFO  : Disconnected from the channel tcfchan#11.
12:35:56 INFO  : 'targets -set -filter {jtag_cable_name =~ "JTAG-ONB4 251633000000A" && level==0} -index 1' command is executed.
12:35:56 INFO  : 'fpga -state' command is executed.
12:35:56 INFO  : Connected to target on host '127.0.0.1' and port '3121'.
12:35:56 INFO  : Jtag cable 'JTAG-ONB4 251633000000A' is selected.
12:35:56 INFO  : 'jtag frequency' command is executed.
12:35:56 INFO  : Sourcing of '/home/anzhelika/projekt/myIpv3/VivadoDesign/VivadoDesign.sdk/Diagramm_wrapper_hw_platform_0/ps7_init.tcl' is done.
12:35:56 INFO  : Context for 'APU' is selected.
12:35:57 INFO  : Hardware design information is loaded from '/home/anzhelika/projekt/myIpv3/VivadoDesign/VivadoDesign.sdk/Diagramm_wrapper_hw_platform_0/system.hdf'.
12:35:57 INFO  : 'configparams force-mem-access 1' command is executed.
12:35:57 INFO  : Context for 'APU' is selected.
12:35:57 INFO  : 'stop' command is executed.
12:35:58 INFO  : 'ps7_init' command is executed.
12:35:58 INFO  : 'ps7_post_config' command is executed.
12:35:58 INFO  : Context for processor 'ps7_cortexa9_0' is selected.
12:35:58 INFO  : Processor reset is completed for 'ps7_cortexa9_0'.
12:35:58 INFO  : Context for processor 'ps7_cortexa9_0' is selected.
12:35:58 INFO  : The application '/home/anzhelika/projekt/myIpv3/VivadoDesign/VivadoDesign.sdk/test_ip/Debug/test_ip.elf' is downloaded to processor 'ps7_cortexa9_0'.
12:35:58 INFO  : 'configparams force-mem-access 0' command is executed.
12:35:58 INFO  : ----------------XSDB Script----------------
connect -url tcp:127.0.0.1:3121
source /home/anzhelika/projekt/myIpv3/VivadoDesign/VivadoDesign.sdk/Diagramm_wrapper_hw_platform_0/ps7_init.tcl
targets -set -nocase -filter {name =~"APU*" && jtag_cable_name =~ "JTAG-ONB4 251633000000A"} -index 0
loadhw -hw /home/anzhelika/projekt/myIpv3/VivadoDesign/VivadoDesign.sdk/Diagramm_wrapper_hw_platform_0/system.hdf -mem-ranges [list {0x40000000 0xbfffffff}]
configparams force-mem-access 1
targets -set -nocase -filter {name =~"APU*" && jtag_cable_name =~ "JTAG-ONB4 251633000000A"} -index 0
stop
ps7_init
ps7_post_config
targets -set -nocase -filter {name =~ "ARM*#0" && jtag_cable_name =~ "JTAG-ONB4 251633000000A"} -index 0
rst -processor
targets -set -nocase -filter {name =~ "ARM*#0" && jtag_cable_name =~ "JTAG-ONB4 251633000000A"} -index 0
dow /home/anzhelika/projekt/myIpv3/VivadoDesign/VivadoDesign.sdk/test_ip/Debug/test_ip.elf
configparams force-mem-access 0
----------------End of Script----------------

12:35:58 INFO  : Context for processor 'ps7_cortexa9_0' is selected.
12:35:58 INFO  : 'con' command is executed.
12:35:58 INFO  : ----------------XSDB Script (After Launch)----------------
targets -set -nocase -filter {name =~ "ARM*#0" && jtag_cable_name =~ "JTAG-ONB4 251633000000A"} -index 0
con
----------------End of Script----------------

12:35:58 INFO  : Disconnected from the channel tcfchan#12.
12:40:35 INFO  : 'targets -set -filter {jtag_cable_name =~ "JTAG-ONB4 251633000000A" && level==0} -index 1' command is executed.
12:40:35 INFO  : 'fpga -state' command is executed.
12:40:35 INFO  : Connected to target on host '127.0.0.1' and port '3121'.
12:40:35 INFO  : Jtag cable 'JTAG-ONB4 251633000000A' is selected.
12:40:35 INFO  : 'jtag frequency' command is executed.
12:40:35 INFO  : Sourcing of '/home/anzhelika/projekt/myIpv3/VivadoDesign/VivadoDesign.sdk/Diagramm_wrapper_hw_platform_0/ps7_init.tcl' is done.
12:40:35 INFO  : Context for 'APU' is selected.
12:40:35 INFO  : Hardware design information is loaded from '/home/anzhelika/projekt/myIpv3/VivadoDesign/VivadoDesign.sdk/Diagramm_wrapper_hw_platform_0/system.hdf'.
12:40:35 INFO  : 'configparams force-mem-access 1' command is executed.
12:40:35 INFO  : Context for 'APU' is selected.
12:40:35 INFO  : 'stop' command is executed.
12:40:36 INFO  : 'ps7_init' command is executed.
12:40:36 INFO  : 'ps7_post_config' command is executed.
12:40:36 INFO  : Context for processor 'ps7_cortexa9_0' is selected.
12:40:36 INFO  : Processor reset is completed for 'ps7_cortexa9_0'.
12:40:36 INFO  : Context for processor 'ps7_cortexa9_0' is selected.
12:40:36 INFO  : The application '/home/anzhelika/projekt/myIpv3/VivadoDesign/VivadoDesign.sdk/test_ip/Debug/test_ip.elf' is downloaded to processor 'ps7_cortexa9_0'.
12:40:36 INFO  : 'configparams force-mem-access 0' command is executed.
12:40:36 INFO  : ----------------XSDB Script----------------
connect -url tcp:127.0.0.1:3121
source /home/anzhelika/projekt/myIpv3/VivadoDesign/VivadoDesign.sdk/Diagramm_wrapper_hw_platform_0/ps7_init.tcl
targets -set -nocase -filter {name =~"APU*" && jtag_cable_name =~ "JTAG-ONB4 251633000000A"} -index 0
loadhw -hw /home/anzhelika/projekt/myIpv3/VivadoDesign/VivadoDesign.sdk/Diagramm_wrapper_hw_platform_0/system.hdf -mem-ranges [list {0x40000000 0xbfffffff}]
configparams force-mem-access 1
targets -set -nocase -filter {name =~"APU*" && jtag_cable_name =~ "JTAG-ONB4 251633000000A"} -index 0
stop
ps7_init
ps7_post_config
targets -set -nocase -filter {name =~ "ARM*#0" && jtag_cable_name =~ "JTAG-ONB4 251633000000A"} -index 0
rst -processor
targets -set -nocase -filter {name =~ "ARM*#0" && jtag_cable_name =~ "JTAG-ONB4 251633000000A"} -index 0
dow /home/anzhelika/projekt/myIpv3/VivadoDesign/VivadoDesign.sdk/test_ip/Debug/test_ip.elf
configparams force-mem-access 0
----------------End of Script----------------

12:40:36 INFO  : Context for processor 'ps7_cortexa9_0' is selected.
12:40:36 INFO  : 'con' command is executed.
12:40:36 INFO  : ----------------XSDB Script (After Launch)----------------
targets -set -nocase -filter {name =~ "ARM*#0" && jtag_cable_name =~ "JTAG-ONB4 251633000000A"} -index 0
con
----------------End of Script----------------

12:40:36 INFO  : Disconnected from the channel tcfchan#13.
12:42:07 INFO  : 'targets -set -filter {jtag_cable_name =~ "JTAG-ONB4 251633000000A" && level==0} -index 1' command is executed.
12:42:07 INFO  : 'fpga -state' command is executed.
12:42:07 INFO  : Connected to target on host '127.0.0.1' and port '3121'.
12:42:07 INFO  : Jtag cable 'JTAG-ONB4 251633000000A' is selected.
12:42:07 INFO  : 'jtag frequency' command is executed.
12:42:07 INFO  : Sourcing of '/home/anzhelika/projekt/myIpv3/VivadoDesign/VivadoDesign.sdk/Diagramm_wrapper_hw_platform_0/ps7_init.tcl' is done.
12:42:07 INFO  : Context for 'APU' is selected.
12:42:07 INFO  : Hardware design information is loaded from '/home/anzhelika/projekt/myIpv3/VivadoDesign/VivadoDesign.sdk/Diagramm_wrapper_hw_platform_0/system.hdf'.
12:42:07 INFO  : 'configparams force-mem-access 1' command is executed.
12:42:07 INFO  : Context for 'APU' is selected.
12:42:07 INFO  : 'stop' command is executed.
12:42:08 INFO  : 'ps7_init' command is executed.
12:42:08 INFO  : 'ps7_post_config' command is executed.
12:42:08 INFO  : Context for processor 'ps7_cortexa9_0' is selected.
12:42:08 INFO  : Processor reset is completed for 'ps7_cortexa9_0'.
12:42:08 INFO  : Context for processor 'ps7_cortexa9_0' is selected.
12:42:08 INFO  : The application '/home/anzhelika/projekt/myIpv3/VivadoDesign/VivadoDesign.sdk/test_ip/Debug/test_ip.elf' is downloaded to processor 'ps7_cortexa9_0'.
12:42:08 INFO  : 'configparams force-mem-access 0' command is executed.
12:42:08 INFO  : ----------------XSDB Script----------------
connect -url tcp:127.0.0.1:3121
source /home/anzhelika/projekt/myIpv3/VivadoDesign/VivadoDesign.sdk/Diagramm_wrapper_hw_platform_0/ps7_init.tcl
targets -set -nocase -filter {name =~"APU*" && jtag_cable_name =~ "JTAG-ONB4 251633000000A"} -index 0
loadhw -hw /home/anzhelika/projekt/myIpv3/VivadoDesign/VivadoDesign.sdk/Diagramm_wrapper_hw_platform_0/system.hdf -mem-ranges [list {0x40000000 0xbfffffff}]
configparams force-mem-access 1
targets -set -nocase -filter {name =~"APU*" && jtag_cable_name =~ "JTAG-ONB4 251633000000A"} -index 0
stop
ps7_init
ps7_post_config
targets -set -nocase -filter {name =~ "ARM*#0" && jtag_cable_name =~ "JTAG-ONB4 251633000000A"} -index 0
rst -processor
targets -set -nocase -filter {name =~ "ARM*#0" && jtag_cable_name =~ "JTAG-ONB4 251633000000A"} -index 0
dow /home/anzhelika/projekt/myIpv3/VivadoDesign/VivadoDesign.sdk/test_ip/Debug/test_ip.elf
configparams force-mem-access 0
----------------End of Script----------------

12:42:08 INFO  : Context for processor 'ps7_cortexa9_0' is selected.
12:42:08 INFO  : 'con' command is executed.
12:42:08 INFO  : ----------------XSDB Script (After Launch)----------------
targets -set -nocase -filter {name =~ "ARM*#0" && jtag_cable_name =~ "JTAG-ONB4 251633000000A"} -index 0
con
----------------End of Script----------------

12:42:08 INFO  : Disconnected from the channel tcfchan#14.
12:48:04 INFO  : 'targets -set -filter {jtag_cable_name =~ "JTAG-ONB4 251633000000A" && level==0} -index 1' command is executed.
12:48:04 INFO  : 'fpga -state' command is executed.
12:48:04 INFO  : Connected to target on host '127.0.0.1' and port '3121'.
12:48:05 INFO  : Jtag cable 'JTAG-ONB4 251633000000A' is selected.
12:48:05 INFO  : 'jtag frequency' command is executed.
12:48:05 INFO  : Sourcing of '/home/anzhelika/projekt/myIpv3/VivadoDesign/VivadoDesign.sdk/Diagramm_wrapper_hw_platform_0/ps7_init.tcl' is done.
12:48:05 INFO  : Context for 'APU' is selected.
12:48:05 INFO  : Hardware design information is loaded from '/home/anzhelika/projekt/myIpv3/VivadoDesign/VivadoDesign.sdk/Diagramm_wrapper_hw_platform_0/system.hdf'.
12:48:05 INFO  : 'configparams force-mem-access 1' command is executed.
12:48:05 INFO  : Context for 'APU' is selected.
12:48:05 INFO  : 'stop' command is executed.
12:48:05 INFO  : 'ps7_init' command is executed.
12:48:05 INFO  : 'ps7_post_config' command is executed.
12:48:05 INFO  : Context for processor 'ps7_cortexa9_0' is selected.
12:48:05 INFO  : Processor reset is completed for 'ps7_cortexa9_0'.
12:48:05 INFO  : Context for processor 'ps7_cortexa9_0' is selected.
12:48:06 INFO  : The application '/home/anzhelika/projekt/myIpv3/VivadoDesign/VivadoDesign.sdk/test_ip/Debug/test_ip.elf' is downloaded to processor 'ps7_cortexa9_0'.
12:48:06 INFO  : 'configparams force-mem-access 0' command is executed.
12:48:06 INFO  : ----------------XSDB Script----------------
connect -url tcp:127.0.0.1:3121
source /home/anzhelika/projekt/myIpv3/VivadoDesign/VivadoDesign.sdk/Diagramm_wrapper_hw_platform_0/ps7_init.tcl
targets -set -nocase -filter {name =~"APU*" && jtag_cable_name =~ "JTAG-ONB4 251633000000A"} -index 0
loadhw -hw /home/anzhelika/projekt/myIpv3/VivadoDesign/VivadoDesign.sdk/Diagramm_wrapper_hw_platform_0/system.hdf -mem-ranges [list {0x40000000 0xbfffffff}]
configparams force-mem-access 1
targets -set -nocase -filter {name =~"APU*" && jtag_cable_name =~ "JTAG-ONB4 251633000000A"} -index 0
stop
ps7_init
ps7_post_config
targets -set -nocase -filter {name =~ "ARM*#0" && jtag_cable_name =~ "JTAG-ONB4 251633000000A"} -index 0
rst -processor
targets -set -nocase -filter {name =~ "ARM*#0" && jtag_cable_name =~ "JTAG-ONB4 251633000000A"} -index 0
dow /home/anzhelika/projekt/myIpv3/VivadoDesign/VivadoDesign.sdk/test_ip/Debug/test_ip.elf
configparams force-mem-access 0
----------------End of Script----------------

12:48:06 INFO  : Context for processor 'ps7_cortexa9_0' is selected.
12:48:06 INFO  : 'con' command is executed.
12:48:06 INFO  : ----------------XSDB Script (After Launch)----------------
targets -set -nocase -filter {name =~ "ARM*#0" && jtag_cable_name =~ "JTAG-ONB4 251633000000A"} -index 0
con
----------------End of Script----------------

12:48:06 INFO  : Disconnected from the channel tcfchan#15.
12:50:01 INFO  : 'targets -set -filter {jtag_cable_name =~ "JTAG-ONB4 251633000000A" && level==0} -index 1' command is executed.
12:50:01 INFO  : 'fpga -state' command is executed.
12:50:01 INFO  : Connected to target on host '127.0.0.1' and port '3121'.
12:50:01 INFO  : Jtag cable 'JTAG-ONB4 251633000000A' is selected.
12:50:01 INFO  : 'jtag frequency' command is executed.
12:50:01 INFO  : Sourcing of '/home/anzhelika/projekt/myIpv3/VivadoDesign/VivadoDesign.sdk/Diagramm_wrapper_hw_platform_0/ps7_init.tcl' is done.
12:50:01 INFO  : Context for 'APU' is selected.
12:50:01 INFO  : Hardware design information is loaded from '/home/anzhelika/projekt/myIpv3/VivadoDesign/VivadoDesign.sdk/Diagramm_wrapper_hw_platform_0/system.hdf'.
12:50:01 INFO  : 'configparams force-mem-access 1' command is executed.
12:50:01 INFO  : Context for 'APU' is selected.
12:50:01 INFO  : 'stop' command is executed.
12:50:02 INFO  : 'ps7_init' command is executed.
12:50:02 INFO  : 'ps7_post_config' command is executed.
12:50:02 INFO  : Context for processor 'ps7_cortexa9_0' is selected.
12:50:02 INFO  : Processor reset is completed for 'ps7_cortexa9_0'.
12:50:02 INFO  : Context for processor 'ps7_cortexa9_0' is selected.
12:50:02 INFO  : The application '/home/anzhelika/projekt/myIpv3/VivadoDesign/VivadoDesign.sdk/test_ip/Debug/test_ip.elf' is downloaded to processor 'ps7_cortexa9_0'.
12:50:02 INFO  : 'configparams force-mem-access 0' command is executed.
12:50:02 INFO  : ----------------XSDB Script----------------
connect -url tcp:127.0.0.1:3121
source /home/anzhelika/projekt/myIpv3/VivadoDesign/VivadoDesign.sdk/Diagramm_wrapper_hw_platform_0/ps7_init.tcl
targets -set -nocase -filter {name =~"APU*" && jtag_cable_name =~ "JTAG-ONB4 251633000000A"} -index 0
loadhw -hw /home/anzhelika/projekt/myIpv3/VivadoDesign/VivadoDesign.sdk/Diagramm_wrapper_hw_platform_0/system.hdf -mem-ranges [list {0x40000000 0xbfffffff}]
configparams force-mem-access 1
targets -set -nocase -filter {name =~"APU*" && jtag_cable_name =~ "JTAG-ONB4 251633000000A"} -index 0
stop
ps7_init
ps7_post_config
targets -set -nocase -filter {name =~ "ARM*#0" && jtag_cable_name =~ "JTAG-ONB4 251633000000A"} -index 0
rst -processor
targets -set -nocase -filter {name =~ "ARM*#0" && jtag_cable_name =~ "JTAG-ONB4 251633000000A"} -index 0
dow /home/anzhelika/projekt/myIpv3/VivadoDesign/VivadoDesign.sdk/test_ip/Debug/test_ip.elf
configparams force-mem-access 0
----------------End of Script----------------

12:50:02 INFO  : Context for processor 'ps7_cortexa9_0' is selected.
12:50:02 INFO  : 'con' command is executed.
12:50:02 INFO  : ----------------XSDB Script (After Launch)----------------
targets -set -nocase -filter {name =~ "ARM*#0" && jtag_cable_name =~ "JTAG-ONB4 251633000000A"} -index 0
con
----------------End of Script----------------

12:50:02 INFO  : Disconnected from the channel tcfchan#16.
