#-----------------------------------------------------------
# Webtalk v2018.2 (64-bit)
# SW Build 2258646 on Thu Jun 14 20:02:38 MDT 2018
# 
# Start of session at: Thu Apr  4 11:49:35 2019
# Process ID: 11883
# Current directory: /home/anzhelika/projekt/myIpv3/VivadoDesign/VivadoDesign.sdk/webtalk
# Command line: wbtcv -mode batch -source sdk_webtalk.tcl
# Log file: /home/anzhelika/projekt/myIpv3/VivadoDesign/VivadoDesign.sdk/webtalk/webtalk.log
# Journal file: /home/anzhelika/projekt/myIpv3/VivadoDesign/VivadoDesign.sdk/webtalk/webtalk.jou
#-----------------------------------------------------------
source sdk_webtalk.tcl
# webtalk_init -webtalk_dir /home/anzhelika/projekt/myIpv3/VivadoDesign/VivadoDesign.sdk/webtalk
# webtalk_register_client -client project
# webtalk_add_data -client project -key date_generated -value "2019-04-04 11:49:34" -context "software_version_and_target_device"
# webtalk_add_data -client project -key product_version -value "SDK v2018.2" -context "software_version_and_target_device"
# webtalk_add_data -client project -key build_version -value "2018.2" -context "software_version_and_target_device"
# webtalk_add_data -client project -key os_platform -value "amd64" -context "software_version_and_target_device"
# webtalk_add_data -client project -key registration_id -value "" -context "software_version_and_target_device"
# webtalk_add_data -client project -key tool_flow -value "SDK" -context "software_version_and_target_device"
# webtalk_add_data -client project -key beta -value "false" -context "software_version_and_target_device"
# webtalk_add_data -client project -key route_design -value "NA" -context "software_version_and_target_device"
# webtalk_add_data -client project -key target_family -value "NA" -context "software_version_and_target_device"
# webtalk_add_data -client project -key target_device -value "NA" -context "software_version_and_target_device"
# webtalk_add_data -client project -key target_package -value "NA" -context "software_version_and_target_device"
# webtalk_add_data -client project -key target_speed -value "NA" -context "software_version_and_target_device"
# webtalk_add_data -client project -key random_id -value "mtie5fovs43ver8nl6skmoefbq" -context "software_version_and_target_device"
# webtalk_add_data -client project -key project_id -value "2018.2_15" -context "software_version_and_target_device"
# webtalk_add_data -client project -key project_iteration -value "15" -context "software_version_and_target_device"
# webtalk_add_data -client project -key os_name -value "Ubuntu" -context "user_environment"
# webtalk_add_data -client project -key os_release -value "Ubuntu 16.04.5 LTS" -context "user_environment"
# webtalk_add_data -client project -key cpu_name -value "Intel(R) Core(TM) i5-8250U CPU @ 1.60GHz" -context "user_environment"
# webtalk_add_data -client project -key cpu_speed -value "2498.019 MHz" -context "user_environment"
# webtalk_add_data -client project -key total_processors -value "1" -context "user_environment"
# webtalk_add_data -client project -key system_ram -value "4,026 GB" -context "user_environment"
# webtalk_register_client -client sdk
# webtalk_add_data -client sdk -key uid -value "1554364265000" -context "sdk\\\\application/1554364265000"
# webtalk_add_data -client sdk -key os -value "linux" -context "sdk\\\\application/1554364265000"
# webtalk_add_data -client sdk -key apptemplate -value "linux_hello_world" -context "sdk\\\\application/1554364265000"
# webtalk_add_data -client sdk -key RecordType -value "APPCreation" -context "sdk\\\\application/1554364265000"
# webtalk_add_data -client sdk -key LangUsed -value "C" -context "sdk\\\\application/1554364265000"
# webtalk_add_data -client sdk -key Procused -value "" -context "sdk\\\\application/1554364265000"
# webtalk_add_data -client sdk -key uid -value "NA" -context "sdk\\\\bsp/1554367774509"
# webtalk_add_data -client sdk -key RecordType -value "ToolUsage" -context "sdk\\\\bsp/1554367774509"
# webtalk_add_data -client sdk -key BootgenCount -value "0" -context "sdk\\\\bsp/1554367774509"
# webtalk_add_data -client sdk -key DebugCount -value "5" -context "sdk\\\\bsp/1554367774509"
# webtalk_add_data -client sdk -key PerfCount -value "0" -context "sdk\\\\bsp/1554367774509"
# webtalk_add_data -client sdk -key FlashCount -value "0" -context "sdk\\\\bsp/1554367774509"
# webtalk_add_data -client sdk -key CrossTriggCount -value "0" -context "sdk\\\\bsp/1554367774509"
# webtalk_add_data -client sdk -key QemuDebugCount -value "0" -context "sdk\\\\bsp/1554367774509"
# webtalk_transmit -clientid 3710491488 -regid "" -xml /home/anzhelika/projekt/myIpv3/VivadoDesign/VivadoDesign.sdk/webtalk/usage_statistics_ext_sdk.xml -html /home/anzhelika/projekt/myIpv3/VivadoDesign/VivadoDesign.sdk/webtalk/usage_statistics_ext_sdk.html -wdm /home/anzhelika/projekt/myIpv3/VivadoDesign/VivadoDesign.sdk/webtalk/sdk_webtalk.wdm -intro "<H3>SDK Usage Report</H3><BR>"
# webtalk_terminate
INFO: [Common 17-206] Exiting Webtalk at Thu Apr  4 11:49:36 2019...
